#
# There is insufficient memory for the Java Runtime Environment to continue.
# Native memory allocation (malloc) failed to allocate 109136 bytes for Chunk::new
# Possible reasons:
#   The system is out of physical RAM or swap space
#   The process is running with CompressedOops enabled, and the Java Heap may be blocking the growth of the native heap
# Possible solutions:
#   Reduce memory load on the system
#   Increase physical memory or swap space
#   Check if swap backing store is full
#   Decrease Java heap size (-Xmx/-Xms)
#   Decrease number of Java threads
#   Decrease Java thread stack sizes (-Xss)
#   Set larger code cache with -XX:ReservedCodeCacheSize=
#   JVM is running with Unscaled Compressed Oops mode in which the Java heap is
#     placed in the first 4GB address space. The Java Heap base address is the
#     maximum limit for the native heap growth. Please use -XX:HeapBaseMinAddress
#     to set the Java Heap base and to place the Java Heap above 4GB virtual address.
# This output file may be truncated or incomplete.
#
#  Out of Memory Error (./src/hotspot/share/memory/arena.cpp:197), pid=19768, tid=22824
#
# JRE version: OpenJDK Runtime Environment Microsoft-7208460 (11.0.18+10) (build 11.0.18+10-LTS)
# Java VM: OpenJDK 64-Bit Server VM Microsoft-7208460 (11.0.18+10-LTS, mixed mode, tiered, compressed oops, g1 gc, windows-amd64)
# No core dump will be written. Minidumps are not enabled by default on client versions of Windows
#

---------------  S U M M A R Y ------------

Command Line: org.jetbrains.kotlin.cli.jvm.K2JVMCompiler @E:\react native\namma-bmsit\node_modules\expo-modules-core\android\build\20231227_16576649191491857373.compiler.options

Host: AMD Ryzen 7 5700U with Radeon Graphics         , 16 cores, 7G,  Windows 11 , 64 bit Build 22621 (10.0.22621.2506)
Time: Wed Dec 27 01:04:39 2023 India Standard Time elapsed time: 0.936197 seconds (0d 0h 0m 0s)

---------------  T H R E A D  ---------------

Current thread (0x000001377e31e000):  JavaThread "C2 CompilerThread0" daemon [_thread_in_native, id=22824, stack(0x0000000de9100000,0x0000000de9200000)]


Current CompileTask:
C2:    936  471       4       java.util.zip.ZipFile$Source::getEntryPos (206 bytes)

Stack: [0x0000000de9100000,0x0000000de9200000]
Native frames: (J=compiled Java code, j=interpreted, Vv=VM code, C=native code)
V  [jvm.dll+0x62bf8a]
V  [jvm.dll+0x7b8fb9]
V  [jvm.dll+0x7ba6a8]
V  [jvm.dll+0x7bad83]
V  [jvm.dll+0x250248]
V  [jvm.dll+0xc260c]
V  [jvm.dll+0xc2bcc]
V  [jvm.dll+0x35e182]
V  [jvm.dll+0x19ede1]
V  [jvm.dll+0x209495]
V  [jvm.dll+0x20850d]
V  [jvm.dll+0x18a4b1]
V  [jvm.dll+0x217eec]
V  [jvm.dll+0x21612b]
V  [jvm.dll+0x77bac0]
V  [jvm.dll+0x7749f4]
V  [jvm.dll+0x62adf5]
C  [ucrtbase.dll+0x29363]
C  [KERNEL32.DLL+0x1257d]
C  [ntdll.dll+0x5aa58]


---------------  P R O C E S S  ---------------

Threads class SMR info:
_java_thread_list=0x000001377f06d950, length=11, elements={
0x000001376dd7d800, 0x000001377e2d7800, 0x000001377e306000, 0x000001377e316800,
0x000001377e317800, 0x000001377e318800, 0x000001377e31e000, 0x000001377ec21800,
0x000001377ec2c800, 0x000001377edaa000, 0x000001377ee3a800
}

Java Threads: ( => current thread )
  0x000001376dd7d800 JavaThread "main" [_thread_in_vm, id=3696, stack(0x0000000de8500000,0x0000000de8600000)]
  0x000001377e2d7800 JavaThread "Reference Handler" daemon [_thread_blocked, id=25500, stack(0x0000000de8c00000,0x0000000de8d00000)]
  0x000001377e306000 JavaThread "Finalizer" daemon [_thread_blocked, id=23920, stack(0x0000000de8d00000,0x0000000de8e00000)]
  0x000001377e316800 JavaThread "Signal Dispatcher" daemon [_thread_blocked, id=2836, stack(0x0000000de8e00000,0x0000000de8f00000)]
  0x000001377e317800 JavaThread "Attach Listener" daemon [_thread_blocked, id=20984, stack(0x0000000de8f00000,0x0000000de9000000)]
  0x000001377e318800 JavaThread "Service Thread" daemon [_thread_blocked, id=16692, stack(0x0000000de9000000,0x0000000de9100000)]
=>0x000001377e31e000 JavaThread "C2 CompilerThread0" daemon [_thread_in_native, id=22824, stack(0x0000000de9100000,0x0000000de9200000)]
  0x000001377ec21800 JavaThread "C1 CompilerThread0" daemon [_thread_blocked, id=23368, stack(0x0000000de9200000,0x0000000de9300000)]
  0x000001377ec2c800 JavaThread "Sweeper thread" daemon [_thread_blocked, id=26336, stack(0x0000000de9300000,0x0000000de9400000)]
  0x000001377edaa000 JavaThread "C1 CompilerThread1" daemon [_thread_blocked, id=7992, stack(0x0000000de9400000,0x0000000de9500000)]
  0x000001377ee3a800 JavaThread "Common-Cleaner" daemon [_thread_blocked, id=11196, stack(0x0000000de9600000,0x0000000de9700000)]

Other Threads:
  0x000001377e2d5000 VMThread "VM Thread" [stack: 0x0000000de8b00000,0x0000000de8c00000] [id=14468]
  0x000001377ee2d800 WatcherThread [stack: 0x0000000de9500000,0x0000000de9600000] [id=3340]
  0x000001376dd98800 GCTaskThread "GC Thread#0" [stack: 0x0000000de8600000,0x0000000de8700000] [id=26044]
  0x000001376ddca000 ConcurrentGCThread "G1 Main Marker" [stack: 0x0000000de8700000,0x0000000de8800000] [id=25436]
  0x000001376ddcb000 ConcurrentGCThread "G1 Conc#0" [stack: 0x0000000de8800000,0x0000000de8900000] [id=12064]
  0x000001376de4e800 ConcurrentGCThread "G1 Refine#0" [stack: 0x0000000de8900000,0x0000000de8a00000] [id=26072]
  0x000001377e145800 ConcurrentGCThread "G1 Young RemSet Sampling" [stack: 0x0000000de8a00000,0x0000000de8b00000] [id=10492]

Threads with active compile tasks:
C2 CompilerThread0      956  471       4       java.util.zip.ZipFile$Source::getEntryPos (206 bytes)

VM state:not at safepoint (normal execution)

VM Mutex/Monitor currently owned by a thread: None

Heap address: 0x000000008ac00000, size: 1876 MB, Compressed Oops mode: 32-bit
Narrow klass base: 0x0000000000000000, Narrow klass shift: 3
Compressed class space size: 1073741824 Address: 0x0000000100000000

Heap:
 garbage-first heap   total 120832K, used 15360K [0x000000008ac00000, 0x0000000100000000)
  region size 1024K, 12 young (12288K), 0 survivors (0K)
 Metaspace       used 8799K, capacity 8943K, committed 9216K, reserved 1058816K
  class space    used 686K, capacity 724K, committed 768K, reserved 1048576K
Heap Regions: E=young(eden), S=young(survivor), O=old, HS=humongous(starts), HC=humongous(continues), CS=collection set, F=free, A=archive, TAMS=top-at-mark-start (previous, next)
|   0|0x000000008ac00000, 0x000000008ad00000, 0x000000008ad00000|100%|HS|  |TAMS 0x000000008ac00000, 0x000000008ac00000| Complete 
|   1|0x000000008ad00000, 0x000000008ae00000, 0x000000008ae00000|100%|HC|  |TAMS 0x000000008ad00000, 0x000000008ad00000| Complete 
|   2|0x000000008ae00000, 0x000000008af00000, 0x000000008af00000|100%|HC|  |TAMS 0x000000008ae00000, 0x000000008ae00000| Complete 
|   3|0x000000008af00000, 0x000000008b000000, 0x000000008b000000|100%|HC|  |TAMS 0x000000008af00000, 0x000000008af00000| Complete 
|   4|0x000000008b000000, 0x000000008b100000, 0x000000008b100000|100%|HS|  |TAMS 0x000000008b000000, 0x000000008b000000| Complete 
|   5|0x000000008b100000, 0x000000008b100000, 0x000000008b200000|  0%| F|  |TAMS 0x000000008b100000, 0x000000008b100000| Untracked 
|   6|0x000000008b200000, 0x000000008b200000, 0x000000008b300000|  0%| F|  |TAMS 0x000000008b200000, 0x000000008b200000| Untracked 
|   7|0x000000008b300000, 0x000000008b300000, 0x000000008b400000|  0%| F|  |TAMS 0x000000008b300000, 0x000000008b300000| Untracked 
|   8|0x000000008b400000, 0x000000008b400000, 0x000000008b500000|  0%| F|  |TAMS 0x000000008b400000, 0x000000008b400000| Untracked 
|   9|0x000000008b500000, 0x000000008b500000, 0x000000008b600000|  0%| F|  |TAMS 0x000000008b500000, 0x000000008b500000| Untracked 
|  10|0x000000008b600000, 0x000000008b600000, 0x000000008b700000|  0%| F|  |TAMS 0x000000008b600000, 0x000000008b600000| Untracked 
|  11|0x000000008b700000, 0x000000008b700000, 0x000000008b800000|  0%| F|  |TAMS 0x000000008b700000, 0x000000008b700000| Untracked 
|  12|0x000000008b800000, 0x000000008b800000, 0x000000008b900000|  0%| F|  |TAMS 0x000000008b800000, 0x000000008b800000| Untracked 
|  13|0x000000008b900000, 0x000000008b900000, 0x000000008ba00000|  0%| F|  |TAMS 0x000000008b900000, 0x000000008b900000| Untracked 
|  14|0x000000008ba00000, 0x000000008ba00000, 0x000000008bb00000|  0%| F|  |TAMS 0x000000008ba00000, 0x000000008ba00000| Untracked 
|  15|0x000000008bb00000, 0x000000008bb00000, 0x000000008bc00000|  0%| F|  |TAMS 0x000000008bb00000, 0x000000008bb00000| Untracked 
|  16|0x000000008bc00000, 0x000000008bc00000, 0x000000008bd00000|  0%| F|  |TAMS 0x000000008bc00000, 0x000000008bc00000| Untracked 
|  17|0x000000008bd00000, 0x000000008bd00000, 0x000000008be00000|  0%| F|  |TAMS 0x000000008bd00000, 0x000000008bd00000| Untracked 
|  18|0x000000008be00000, 0x000000008be00000, 0x000000008bf00000|  0%| F|  |TAMS 0x000000008be00000, 0x000000008be00000| Untracked 
|  19|0x000000008bf00000, 0x000000008bf00000, 0x000000008c000000|  0%| F|  |TAMS 0x000000008bf00000, 0x000000008bf00000| Untracked 
|  20|0x000000008c000000, 0x000000008c000000, 0x000000008c100000|  0%| F|  |TAMS 0x000000008c000000, 0x000000008c000000| Untracked 
|  21|0x000000008c100000, 0x000000008c100000, 0x000000008c200000|  0%| F|  |TAMS 0x000000008c100000, 0x000000008c100000| Untracked 
|  22|0x000000008c200000, 0x000000008c200000, 0x000000008c300000|  0%| F|  |TAMS 0x000000008c200000, 0x000000008c200000| Untracked 
|  23|0x000000008c300000, 0x000000008c300000, 0x000000008c400000|  0%| F|  |TAMS 0x000000008c300000, 0x000000008c300000| Untracked 
|  24|0x000000008c400000, 0x000000008c400000, 0x000000008c500000|  0%| F|  |TAMS 0x000000008c400000, 0x000000008c400000| Untracked 
|  25|0x000000008c500000, 0x000000008c500000, 0x000000008c600000|  0%| F|  |TAMS 0x000000008c500000, 0x000000008c500000| Untracked 
|  26|0x000000008c600000, 0x000000008c600000, 0x000000008c700000|  0%| F|  |TAMS 0x000000008c600000, 0x000000008c600000| Untracked 
|  27|0x000000008c700000, 0x000000008c700000, 0x000000008c800000|  0%| F|  |TAMS 0x000000008c700000, 0x000000008c700000| Untracked 
|  28|0x000000008c800000, 0x000000008c800000, 0x000000008c900000|  0%| F|  |TAMS 0x000000008c800000, 0x000000008c800000| Untracked 
|  29|0x000000008c900000, 0x000000008c900000, 0x000000008ca00000|  0%| F|  |TAMS 0x000000008c900000, 0x000000008c900000| Untracked 
|  30|0x000000008ca00000, 0x000000008ca00000, 0x000000008cb00000|  0%| F|  |TAMS 0x000000008ca00000, 0x000000008ca00000| Untracked 
|  31|0x000000008cb00000, 0x000000008cb00000, 0x000000008cc00000|  0%| F|  |TAMS 0x000000008cb00000, 0x000000008cb00000| Untracked 
|  32|0x000000008cc00000, 0x000000008cc00000, 0x000000008cd00000|  0%| F|  |TAMS 0x000000008cc00000, 0x000000008cc00000| Untracked 
|  33|0x000000008cd00000, 0x000000008cd00000, 0x000000008ce00000|  0%| F|  |TAMS 0x000000008cd00000, 0x000000008cd00000| Untracked 
|  34|0x000000008ce00000, 0x000000008ce00000, 0x000000008cf00000|  0%| F|  |TAMS 0x000000008ce00000, 0x000000008ce00000| Untracked 
|  35|0x000000008cf00000, 0x000000008cf00000, 0x000000008d000000|  0%| F|  |TAMS 0x000000008cf00000, 0x000000008cf00000| Untracked 
|  36|0x000000008d000000, 0x000000008d000000, 0x000000008d100000|  0%| F|  |TAMS 0x000000008d000000, 0x000000008d000000| Untracked 
|  37|0x000000008d100000, 0x000000008d100000, 0x000000008d200000|  0%| F|  |TAMS 0x000000008d100000, 0x000000008d100000| Untracked 
|  38|0x000000008d200000, 0x000000008d200000, 0x000000008d300000|  0%| F|  |TAMS 0x000000008d200000, 0x000000008d200000| Untracked 
|  39|0x000000008d300000, 0x000000008d300000, 0x000000008d400000|  0%| F|  |TAMS 0x000000008d300000, 0x000000008d300000| Untracked 
|  40|0x000000008d400000, 0x000000008d400000, 0x000000008d500000|  0%| F|  |TAMS 0x000000008d400000, 0x000000008d400000| Untracked 
|  41|0x000000008d500000, 0x000000008d500000, 0x000000008d600000|  0%| F|  |TAMS 0x000000008d500000, 0x000000008d500000| Untracked 
|  42|0x000000008d600000, 0x000000008d600000, 0x000000008d700000|  0%| F|  |TAMS 0x000000008d600000, 0x000000008d600000| Untracked 
|  43|0x000000008d700000, 0x000000008d700000, 0x000000008d800000|  0%| F|  |TAMS 0x000000008d700000, 0x000000008d700000| Untracked 
|  44|0x000000008d800000, 0x000000008d800000, 0x000000008d900000|  0%| F|  |TAMS 0x000000008d800000, 0x000000008d800000| Untracked 
|  45|0x000000008d900000, 0x000000008d900000, 0x000000008da00000|  0%| F|  |TAMS 0x000000008d900000, 0x000000008d900000| Untracked 
|  46|0x000000008da00000, 0x000000008da00000, 0x000000008db00000|  0%| F|  |TAMS 0x000000008da00000, 0x000000008da00000| Untracked 
|  47|0x000000008db00000, 0x000000008db00000, 0x000000008dc00000|  0%| F|  |TAMS 0x000000008db00000, 0x000000008db00000| Untracked 
|  48|0x000000008dc00000, 0x000000008dc00000, 0x000000008dd00000|  0%| F|  |TAMS 0x000000008dc00000, 0x000000008dc00000| Untracked 
|  49|0x000000008dd00000, 0x000000008dd00000, 0x000000008de00000|  0%| F|  |TAMS 0x000000008dd00000, 0x000000008dd00000| Untracked 
|  50|0x000000008de00000, 0x000000008de00000, 0x000000008df00000|  0%| F|  |TAMS 0x000000008de00000, 0x000000008de00000| Untracked 
|  51|0x000000008df00000, 0x000000008df00000, 0x000000008e000000|  0%| F|  |TAMS 0x000000008df00000, 0x000000008df00000| Untracked 
|  52|0x000000008e000000, 0x000000008e000000, 0x000000008e100000|  0%| F|  |TAMS 0x000000008e000000, 0x000000008e000000| Untracked 
|  53|0x000000008e100000, 0x000000008e100000, 0x000000008e200000|  0%| F|  |TAMS 0x000000008e100000, 0x000000008e100000| Untracked 
|  54|0x000000008e200000, 0x000000008e200000, 0x000000008e300000|  0%| F|  |TAMS 0x000000008e200000, 0x000000008e200000| Untracked 
|  55|0x000000008e300000, 0x000000008e300000, 0x000000008e400000|  0%| F|  |TAMS 0x000000008e300000, 0x000000008e300000| Untracked 
|  56|0x000000008e400000, 0x000000008e400000, 0x000000008e500000|  0%| F|  |TAMS 0x000000008e400000, 0x000000008e400000| Untracked 
|  57|0x000000008e500000, 0x000000008e500000, 0x000000008e600000|  0%| F|  |TAMS 0x000000008e500000, 0x000000008e500000| Untracked 
|  58|0x000000008e600000, 0x000000008e600000, 0x000000008e700000|  0%| F|  |TAMS 0x000000008e600000, 0x000000008e600000| Untracked 
|  59|0x000000008e700000, 0x000000008e700000, 0x000000008e800000|  0%| F|  |TAMS 0x000000008e700000, 0x000000008e700000| Untracked 
|  60|0x000000008e800000, 0x000000008e800000, 0x000000008e900000|  0%| F|  |TAMS 0x000000008e800000, 0x000000008e800000| Untracked 
|  61|0x000000008e900000, 0x000000008e900000, 0x000000008ea00000|  0%| F|  |TAMS 0x000000008e900000, 0x000000008e900000| Untracked 
|  62|0x000000008ea00000, 0x000000008ea00000, 0x000000008eb00000|  0%| F|  |TAMS 0x000000008ea00000, 0x000000008ea00000| Untracked 
|  63|0x000000008eb00000, 0x000000008eb00000, 0x000000008ec00000|  0%| F|  |TAMS 0x000000008eb00000, 0x000000008eb00000| Untracked 
|  64|0x000000008ec00000, 0x000000008ec00000, 0x000000008ed00000|  0%| F|  |TAMS 0x000000008ec00000, 0x000000008ec00000| Untracked 
|  65|0x000000008ed00000, 0x000000008ed00000, 0x000000008ee00000|  0%| F|  |TAMS 0x000000008ed00000, 0x000000008ed00000| Untracked 
|  66|0x000000008ee00000, 0x000000008ee00000, 0x000000008ef00000|  0%| F|  |TAMS 0x000000008ee00000, 0x000000008ee00000| Untracked 
|  67|0x000000008ef00000, 0x000000008ef00000, 0x000000008f000000|  0%| F|  |TAMS 0x000000008ef00000, 0x000000008ef00000| Untracked 
|  68|0x000000008f000000, 0x000000008f000000, 0x000000008f100000|  0%| F|  |TAMS 0x000000008f000000, 0x000000008f000000| Untracked 
|  69|0x000000008f100000, 0x000000008f100000, 0x000000008f200000|  0%| F|  |TAMS 0x000000008f100000, 0x000000008f100000| Untracked 
|  70|0x000000008f200000, 0x000000008f200000, 0x000000008f300000|  0%| F|  |TAMS 0x000000008f200000, 0x000000008f200000| Untracked 
|  71|0x000000008f300000, 0x000000008f300000, 0x000000008f400000|  0%| F|  |TAMS 0x000000008f300000, 0x000000008f300000| Untracked 
|  72|0x000000008f400000, 0x000000008f400000, 0x000000008f500000|  0%| F|  |TAMS 0x000000008f400000, 0x000000008f400000| Untracked 
|  73|0x000000008f500000, 0x000000008f500000, 0x000000008f600000|  0%| F|  |TAMS 0x000000008f500000, 0x000000008f500000| Untracked 
|  74|0x000000008f600000, 0x000000008f600000, 0x000000008f700000|  0%| F|  |TAMS 0x000000008f600000, 0x000000008f600000| Untracked 
|  75|0x000000008f700000, 0x000000008f700000, 0x000000008f800000|  0%| F|  |TAMS 0x000000008f700000, 0x000000008f700000| Untracked 
|  76|0x000000008f800000, 0x000000008f800000, 0x000000008f900000|  0%| F|  |TAMS 0x000000008f800000, 0x000000008f800000| Untracked 
|  77|0x000000008f900000, 0x000000008f900000, 0x000000008fa00000|  0%| F|  |TAMS 0x000000008f900000, 0x000000008f900000| Untracked 
|  78|0x000000008fa00000, 0x000000008fa00000, 0x000000008fb00000|  0%| F|  |TAMS 0x000000008fa00000, 0x000000008fa00000| Untracked 
|  79|0x000000008fb00000, 0x000000008fb00000, 0x000000008fc00000|  0%| F|  |TAMS 0x000000008fb00000, 0x000000008fb00000| Untracked 
|  80|0x000000008fc00000, 0x000000008fc00000, 0x000000008fd00000|  0%| F|  |TAMS 0x000000008fc00000, 0x000000008fc00000| Untracked 
|  81|0x000000008fd00000, 0x000000008fd00000, 0x000000008fe00000|  0%| F|  |TAMS 0x000000008fd00000, 0x000000008fd00000| Untracked 
|  82|0x000000008fe00000, 0x000000008fe00000, 0x000000008ff00000|  0%| F|  |TAMS 0x000000008fe00000, 0x000000008fe00000| Untracked 
|  83|0x000000008ff00000, 0x000000008ff00000, 0x0000000090000000|  0%| F|  |TAMS 0x000000008ff00000, 0x000000008ff00000| Untracked 
|  84|0x0000000090000000, 0x0000000090000000, 0x0000000090100000|  0%| F|  |TAMS 0x0000000090000000, 0x0000000090000000| Untracked 
|  85|0x0000000090100000, 0x0000000090100000, 0x0000000090200000|  0%| F|  |TAMS 0x0000000090100000, 0x0000000090100000| Untracked 
|  86|0x0000000090200000, 0x0000000090200000, 0x0000000090300000|  0%| F|  |TAMS 0x0000000090200000, 0x0000000090200000| Untracked 
|  87|0x0000000090300000, 0x0000000090300000, 0x0000000090400000|  0%| F|  |TAMS 0x0000000090300000, 0x0000000090300000| Untracked 
|  88|0x0000000090400000, 0x0000000090400000, 0x0000000090500000|  0%| F|  |TAMS 0x0000000090400000, 0x0000000090400000| Untracked 
|  89|0x0000000090500000, 0x0000000090500000, 0x0000000090600000|  0%| F|  |TAMS 0x0000000090500000, 0x0000000090500000| Untracked 
|  90|0x0000000090600000, 0x0000000090600000, 0x0000000090700000|  0%| F|  |TAMS 0x0000000090600000, 0x0000000090600000| Untracked 
|  91|0x0000000090700000, 0x0000000090700000, 0x0000000090800000|  0%| F|  |TAMS 0x0000000090700000, 0x0000000090700000| Untracked 
|  92|0x0000000090800000, 0x0000000090800000, 0x0000000090900000|  0%| F|  |TAMS 0x0000000090800000, 0x0000000090800000| Untracked 
|  93|0x0000000090900000, 0x0000000090900000, 0x0000000090a00000|  0%| F|  |TAMS 0x0000000090900000, 0x0000000090900000| Untracked 
|  94|0x0000000090a00000, 0x0000000090a00000, 0x0000000090b00000|  0%| F|  |TAMS 0x0000000090a00000, 0x0000000090a00000| Untracked 
|  95|0x0000000090b00000, 0x0000000090b00000, 0x0000000090c00000|  0%| F|  |TAMS 0x0000000090b00000, 0x0000000090b00000| Untracked 
|  96|0x0000000090c00000, 0x0000000090c00000, 0x0000000090d00000|  0%| F|  |TAMS 0x0000000090c00000, 0x0000000090c00000| Untracked 
|  97|0x0000000090d00000, 0x0000000090d00000, 0x0000000090e00000|  0%| F|  |TAMS 0x0000000090d00000, 0x0000000090d00000| Untracked 
|  98|0x0000000090e00000, 0x0000000090e00000, 0x0000000090f00000|  0%| F|  |TAMS 0x0000000090e00000, 0x0000000090e00000| Untracked 
|  99|0x0000000090f00000, 0x0000000090f00000, 0x0000000091000000|  0%| F|  |TAMS 0x0000000090f00000, 0x0000000090f00000| Untracked 
| 100|0x0000000091000000, 0x0000000091000000, 0x0000000091100000|  0%| F|  |TAMS 0x0000000091000000, 0x0000000091000000| Untracked 
| 101|0x0000000091100000, 0x0000000091100000, 0x0000000091200000|  0%| F|  |TAMS 0x0000000091100000, 0x0000000091100000| Untracked 
| 102|0x0000000091200000, 0x0000000091200000, 0x0000000091300000|  0%| F|  |TAMS 0x0000000091200000, 0x0000000091200000| Untracked 
| 103|0x0000000091300000, 0x0000000091300000, 0x0000000091400000|  0%| F|  |TAMS 0x0000000091300000, 0x0000000091300000| Untracked 
| 104|0x0000000091400000, 0x0000000091400000, 0x0000000091500000|  0%| F|  |TAMS 0x0000000091400000, 0x0000000091400000| Untracked 
| 105|0x0000000091500000, 0x0000000091500000, 0x0000000091600000|  0%| F|  |TAMS 0x0000000091500000, 0x0000000091500000| Untracked 
| 106|0x0000000091600000, 0x000000009167bd50, 0x0000000091700000| 48%| E|  |TAMS 0x0000000091600000, 0x0000000091600000| Complete 
| 107|0x0000000091700000, 0x0000000091800000, 0x0000000091800000|100%| E|CS|TAMS 0x0000000091700000, 0x0000000091700000| Complete 
| 108|0x0000000091800000, 0x0000000091900000, 0x0000000091900000|100%| E|CS|TAMS 0x0000000091800000, 0x0000000091800000| Complete 
| 109|0x0000000091900000, 0x0000000091a00000, 0x0000000091a00000|100%| E|  |TAMS 0x0000000091900000, 0x0000000091900000| Complete 
| 110|0x0000000091a00000, 0x0000000091b00000, 0x0000000091b00000|100%| E|CS|TAMS 0x0000000091a00000, 0x0000000091a00000| Complete 
| 111|0x0000000091b00000, 0x0000000091c00000, 0x0000000091c00000|100%| E|CS|TAMS 0x0000000091b00000, 0x0000000091b00000| Complete 
| 112|0x0000000091c00000, 0x0000000091d00000, 0x0000000091d00000|100%| E|CS|TAMS 0x0000000091c00000, 0x0000000091c00000| Complete 
| 113|0x0000000091d00000, 0x0000000091e00000, 0x0000000091e00000|100%| E|CS|TAMS 0x0000000091d00000, 0x0000000091d00000| Complete 
| 114|0x0000000091e00000, 0x0000000091f00000, 0x0000000091f00000|100%| E|CS|TAMS 0x0000000091e00000, 0x0000000091e00000| Complete 
| 115|0x0000000091f00000, 0x0000000092000000, 0x0000000092000000|100%| E|CS|TAMS 0x0000000091f00000, 0x0000000091f00000| Complete 
| 116|0x0000000092000000, 0x0000000092100000, 0x0000000092100000|100%| E|CS|TAMS 0x0000000092000000, 0x0000000092000000| Complete 
| 117|0x0000000092100000, 0x0000000092200000, 0x0000000092200000|100%| E|CS|TAMS 0x0000000092100000, 0x0000000092100000| Complete 

Card table byte_map: [0x0000013777120000,0x00000137774d0000] _byte_map_base: 0x0000013776cca000

Marking Bits (Prev, Next): (CMBitMap*) 0x000001376ddc19b8, (CMBitMap*) 0x000001376ddc19f0
 Prev Bits: [0x0000013777880000, 0x00000137795d0000)
 Next Bits: [0x00000137795d0000, 0x000001377b320000)

Polling page: 0x000001376bd00000

Metaspace:

Usage:
  Non-class:      8.03 MB capacity,     7.95 MB (>99%) used,    73.65 KB ( <1%) free+waste,     4.81 KB ( <1%) overhead. 
      Class:    724.00 KB capacity,   687.61 KB ( 95%) used,    34.95 KB (  5%) free+waste,     1.44 KB ( <1%) overhead. 
       Both:      8.73 MB capacity,     8.62 MB ( 99%) used,   108.60 KB (  1%) free+waste,     6.25 KB ( <1%) overhead. 

Virtual space:
  Non-class space:       10.00 MB reserved,       8.25 MB ( 83%) committed 
      Class space:        1.00 GB reserved,     768.00 KB ( <1%) committed 
             Both:        1.01 GB reserved,       9.00 MB ( <1%) committed 

Chunk freelists:
   Non-Class:  37.00 KB
       Class:  12.00 KB
        Both:  49.00 KB

MaxMetaspaceSize: 17179869184.00 GB
CompressedClassSpaceSize: 1.00 GB
Initial GC threshold: 20.80 MB
Current GC threshold: 20.80 MB
CDS: off

CodeHeap 'non-profiled nmethods': size=119168Kb used=119Kb max_used=119Kb free=119048Kb
 bounds [0x0000013707ba0000, 0x0000013707e10000, 0x000001370f000000]
CodeHeap 'profiled nmethods': size=119168Kb used=822Kb max_used=822Kb free=118346Kb
 bounds [0x0000013700740000, 0x00000137009b0000, 0x0000013707ba0000]
CodeHeap 'non-nmethods': size=7424Kb used=1675Kb max_used=1688Kb free=5748Kb
 bounds [0x0000013700000000, 0x0000013700270000, 0x0000013700740000]
 total_blobs=843 nmethods=480 adapters=274
 compilation: enabled
              stopped_count=0, restarted_count=0
 full_count=0

Compilation events (20 events):
Event: 0.898 Thread 0x000001377edaa000  462       3       sun.net.www.protocol.jar.Handler::parseURL (212 bytes)
Event: 0.898 Thread 0x000001377ec21800 nmethod 461 0x00000137007fd790 code [0x00000137007fd940, 0x00000137007fda68]
Event: 0.898 Thread 0x000001377ec21800  463       3       sun.net.www.protocol.jar.Handler::parseContextSpec (150 bytes)
Event: 0.900 Thread 0x000001377e31e000  471       4       java.util.zip.ZipFile$Source::getEntryPos (206 bytes)
Event: 0.901 Thread 0x000001377edaa000 nmethod 462 0x00000137007fdb10 code [0x00000137007fdea0, 0x00000137007ff1e8]
Event: 0.901 Thread 0x000001377edaa000  469       3       sun.net.util.URLUtil::urlNoFragString (114 bytes)
Event: 0.903 Thread 0x000001377ec21800 nmethod 463 0x00000137007ffa90 code [0x00000137007fff80, 0x00000137008021b8]
Event: 0.903 Thread 0x000001377ec21800  464       3       sun.net.www.protocol.jar.Handler::indexOfBangSlash (52 bytes)
Event: 0.904 Thread 0x000001377edaa000 nmethod 469 0x0000013700802d90 code [0x00000137008030e0, 0x0000013700804348]
Event: 0.904 Thread 0x000001377edaa000  465       3       sun.net.www.ParseUtil::canonizeString (38 bytes)
Event: 0.905 Thread 0x000001377ec21800 nmethod 464 0x0000013700804990 code [0x0000013700804c00, 0x00000137008056d8]
Event: 0.905 Thread 0x000001377edaa000 nmethod 465 0x0000013700805a90 code [0x0000013700805ce0, 0x0000013700806498]
Event: 0.905 Thread 0x000001377ec21800  468       3       java.lang.ClassLoader::addClass (9 bytes)
Event: 0.905 Thread 0x000001377edaa000  470       3       java.util.ArrayDeque::pollFirst (36 bytes)
Event: 0.906 Thread 0x000001377edaa000 nmethod 470 0x0000013700806790 code [0x0000013700806960, 0x0000013700806d58]
Event: 0.906 Thread 0x000001377edaa000  466       3       java.net.URLStreamHandler::setURL (159 bytes)
Event: 0.907 Thread 0x000001377ec21800 nmethod 468 0x0000013700806f10 code [0x0000013700807120, 0x00000137008078d8]
Event: 0.907 Thread 0x000001377ec21800  467       3       java.lang.ClassLoader::defineClass (43 bytes)
Event: 0.908 Thread 0x000001377ec21800 nmethod 467 0x0000013700807c90 code [0x0000013700807ea0, 0x0000013700808398]
Event: 0.910 Thread 0x000001377edaa000 nmethod 466 0x0000013700808610 code [0x0000013700808980, 0x0000013700809de8]

GC Heap History (0 events):
No events

Deoptimization events (20 events):
Event: 0.278 Thread 0x000001376dd7d800 DEOPT PACKING pc=0x00000137007644bb sp=0x0000000de85fa9b0
Event: 0.278 Thread 0x000001376dd7d800 DEOPT UNPACKING pc=0x000001370004a95e sp=0x0000000de85f9e80 mode 0
Event: 0.279 Thread 0x000001376dd7d800 DEOPT PACKING pc=0x00000137007644bb sp=0x0000000de85fa9b0
Event: 0.279 Thread 0x000001376dd7d800 DEOPT UNPACKING pc=0x000001370004a95e sp=0x0000000de85f9e80 mode 0
Event: 0.279 Thread 0x000001376dd7d800 DEOPT PACKING pc=0x00000137007644bb sp=0x0000000de85fa9b0
Event: 0.280 Thread 0x000001376dd7d800 DEOPT UNPACKING pc=0x000001370004a95e sp=0x0000000de85f9e80 mode 0
Event: 0.280 Thread 0x000001376dd7d800 DEOPT PACKING pc=0x00000137007644bb sp=0x0000000de85fa9b0
Event: 0.280 Thread 0x000001376dd7d800 DEOPT UNPACKING pc=0x000001370004a95e sp=0x0000000de85f9e80 mode 0
Event: 0.281 Thread 0x000001376dd7d800 DEOPT PACKING pc=0x00000137007644bb sp=0x0000000de85fa9b0
Event: 0.281 Thread 0x000001376dd7d800 DEOPT UNPACKING pc=0x000001370004a95e sp=0x0000000de85f9e80 mode 0
Event: 0.281 Thread 0x000001376dd7d800 DEOPT PACKING pc=0x00000137007644bb sp=0x0000000de85fa9b0
Event: 0.281 Thread 0x000001376dd7d800 DEOPT UNPACKING pc=0x000001370004a95e sp=0x0000000de85f9e80 mode 0
Event: 0.281 Thread 0x000001376dd7d800 DEOPT PACKING pc=0x00000137007644bb sp=0x0000000de85fa9b0
Event: 0.281 Thread 0x000001376dd7d800 DEOPT UNPACKING pc=0x000001370004a95e sp=0x0000000de85f9e80 mode 0
Event: 0.282 Thread 0x000001376dd7d800 DEOPT PACKING pc=0x00000137007644bb sp=0x0000000de85fa9b0
Event: 0.282 Thread 0x000001376dd7d800 DEOPT UNPACKING pc=0x000001370004a95e sp=0x0000000de85f9e80 mode 0
Event: 0.668 Thread 0x000001376dd7d800 DEOPT PACKING pc=0x0000013700791122 sp=0x0000000de85fc490
Event: 0.668 Thread 0x000001376dd7d800 DEOPT UNPACKING pc=0x000001370004a95e sp=0x0000000de85fb8f8 mode 0
Event: 0.781 Thread 0x000001376dd7d800 DEOPT PACKING pc=0x0000013700767ed0 sp=0x0000000de85f91c0
Event: 0.781 Thread 0x000001376dd7d800 DEOPT UNPACKING pc=0x000001370004a95e sp=0x0000000de85f8648 mode 0

Classes redefined (0 events):
No events

Internal exceptions (0 events):
No events

Events (20 events):
Event: 0.908 loading class kotlin/jvm/functions/Function20
Event: 0.908 loading class kotlin/jvm/functions/Function20 done
Event: 0.909 loading class kotlin/jvm/functions/Function21
Event: 0.909 loading class kotlin/jvm/functions/Function21 done
Event: 0.909 loading class kotlin/jvm/functions/Function22
Event: 0.909 loading class kotlin/jvm/functions/Function22 done
Event: 0.910 loading class kotlin/reflect/jvm/internal/impl/builtins/jvm/JavaToKotlinClassMap
Event: 0.910 loading class kotlin/reflect/jvm/internal/impl/builtins/jvm/JavaToKotlinClassMap done
Event: 0.912 loading class kotlin/reflect/jvm/internal/impl/builtins/functions/FunctionClassKind
Event: 0.912 loading class kotlin/reflect/jvm/internal/impl/builtins/functions/FunctionClassKind done
Event: 0.913 loading class kotlin/reflect/jvm/internal/impl/builtins/StandardNames
Event: 0.913 loading class kotlin/reflect/jvm/internal/impl/builtins/StandardNames done
Event: 0.915 loading class kotlin/collections/SetsKt
Event: 0.915 loading class kotlin/collections/SetsKt done
Event: 0.915 loading class kotlin/collections/SetsKt___SetsKt
Event: 0.915 loading class kotlin/collections/SetsKt___SetsKt done
Event: 0.916 loading class kotlin/collections/SetsKt__SetsKt
Event: 0.916 loading class kotlin/collections/SetsKt__SetsKt done
Event: 0.916 loading class kotlin/collections/SetsKt__SetsJVMKt
Event: 0.916 loading class kotlin/collections/SetsKt__SetsJVMKt done


Dynamic libraries:
0x00007ff641ac0000 - 0x00007ff641acd000 	C:\Program Files\Microsoft\jdk-11.0.18.10-hotspot\bin\java.exe
0x00007ffe4bc90000 - 0x00007ffe4bea7000 	C:\windows\SYSTEM32\ntdll.dll
0x00007ffe4a2b0000 - 0x00007ffe4a374000 	C:\windows\System32\KERNEL32.DLL
0x00007ffe491c0000 - 0x00007ffe49566000 	C:\windows\System32\KERNELBASE.dll
0x00007ffe490a0000 - 0x00007ffe491b1000 	C:\windows\System32\ucrtbase.dll
0x00007ffdd6b70000 - 0x00007ffdd6b85000 	C:\Program Files\Microsoft\jdk-11.0.18.10-hotspot\bin\VCRUNTIME140.dll
0x00007ffdcf970000 - 0x00007ffdcf987000 	C:\Program Files\Microsoft\jdk-11.0.18.10-hotspot\bin\jli.dll
0x00007ffe4a480000 - 0x00007ffe4a62e000 	C:\windows\System32\USER32.dll
0x00007ffe499b0000 - 0x00007ffe499d6000 	C:\windows\System32\win32u.dll
0x00007ffe2da20000 - 0x00007ffe2dcb3000 	C:\windows\WinSxS\amd64_microsoft.windows.common-controls_6595b64144ccf1df_6.0.22621.2506_none_270c5ae97388e100\COMCTL32.dll
0x00007ffe4a800000 - 0x00007ffe4a829000 	C:\windows\System32\GDI32.dll
0x00007ffe4a120000 - 0x00007ffe4a1c7000 	C:\windows\System32\msvcrt.dll
0x00007ffe49570000 - 0x00007ffe49688000 	C:\windows\System32\gdi32full.dll
0x00007ffe49000000 - 0x00007ffe4909a000 	C:\windows\System32\msvcp_win.dll
0x00007ffe49ed0000 - 0x00007ffe49f01000 	C:\windows\System32\IMM32.DLL
0x00007ffd9d310000 - 0x00007ffd9d3ab000 	C:\Program Files\Microsoft\jdk-11.0.18.10-hotspot\bin\msvcp140.dll
0x00007ffd9c770000 - 0x00007ffd9d302000 	C:\Program Files\Microsoft\jdk-11.0.18.10-hotspot\bin\server\jvm.dll
0x00007ffe4a380000 - 0x00007ffe4a431000 	C:\windows\System32\ADVAPI32.dll
0x00007ffe4b650000 - 0x00007ffe4b6f5000 	C:\windows\System32\sechost.dll
0x00007ffe4b280000 - 0x00007ffe4b397000 	C:\windows\System32\RPCRT4.dll
0x00007ffe4a440000 - 0x00007ffe4a448000 	C:\windows\System32\PSAPI.DLL
0x00007ffe42840000 - 0x00007ffe42874000 	C:\windows\SYSTEM32\WINMM.dll
0x00007ffe406f0000 - 0x00007ffe406fa000 	C:\windows\SYSTEM32\VERSION.dll
0x00007ffe2ecd0000 - 0x00007ffe2ecd9000 	C:\windows\SYSTEM32\WSOCK32.dll
0x00007ffe4b200000 - 0x00007ffe4b271000 	C:\windows\System32\WS2_32.dll
0x00007ffe48000000 - 0x00007ffe48018000 	C:\windows\SYSTEM32\kernel.appcore.dll
0x00007ffe2e2d0000 - 0x00007ffe2e2e0000 	C:\Program Files\Microsoft\jdk-11.0.18.10-hotspot\bin\verify.dll
0x00007ffe46990000 - 0x00007ffe46bc3000 	C:\windows\SYSTEM32\DBGHELP.DLL
0x00007ffe4b700000 - 0x00007ffe4ba89000 	C:\windows\System32\combase.dll
0x00007ffe4a1d0000 - 0x00007ffe4a2a7000 	C:\windows\System32\OLEAUT32.dll
0x00007ffe27090000 - 0x00007ffe270c2000 	C:\windows\SYSTEM32\dbgcore.DLL
0x00007ffe49750000 - 0x00007ffe497ca000 	C:\windows\System32\bcryptPrimitives.dll
0x00007ffdba930000 - 0x00007ffdba958000 	C:\Program Files\Microsoft\jdk-11.0.18.10-hotspot\bin\java.dll
0x00007ffe2c430000 - 0x00007ffe2c43a000 	C:\Program Files\Microsoft\jdk-11.0.18.10-hotspot\bin\jimage.dll
0x00007ffdbd280000 - 0x00007ffdbd298000 	C:\Program Files\Microsoft\jdk-11.0.18.10-hotspot\bin\zip.dll
0x00007ffe4a8a0000 - 0x00007ffe4b0fa000 	C:\windows\System32\SHELL32.dll
0x00007ffe46ee0000 - 0x00007ffe477d6000 	C:\windows\SYSTEM32\windows.storage.dll
0x00007ffe46da0000 - 0x00007ffe46ede000 	C:\windows\SYSTEM32\wintypes.dll
0x00007ffe4bb40000 - 0x00007ffe4bc33000 	C:\windows\System32\SHCORE.dll
0x00007ffe499e0000 - 0x00007ffe49a3e000 	C:\windows\System32\shlwapi.dll
0x00007ffe48f30000 - 0x00007ffe48f56000 	C:\windows\SYSTEM32\profapi.dll
0x00007ffdb46e0000 - 0x00007ffdb46f9000 	C:\Program Files\Microsoft\jdk-11.0.18.10-hotspot\bin\net.dll
0x00007ffe434a0000 - 0x00007ffe435d7000 	C:\windows\SYSTEM32\WINHTTP.dll
0x00007ffe484f0000 - 0x00007ffe48559000 	C:\windows\system32\mswsock.dll
0x00007ffdb3f90000 - 0x00007ffdb3fa3000 	C:\Program Files\Microsoft\jdk-11.0.18.10-hotspot\bin\nio.dll

dbghelp: loaded successfully - version: 4.0.5 - missing functions: none
symbol engine: initialized successfully - sym options: 0x614 - pdb path: .;C:\Program Files\Microsoft\jdk-11.0.18.10-hotspot\bin;C:\windows\SYSTEM32;C:\windows\WinSxS\amd64_microsoft.windows.common-controls_6595b64144ccf1df_6.0.22621.2506_none_270c5ae97388e100;C:\Program Files\Microsoft\jdk-11.0.18.10-hotspot\bin\server

VM Arguments:
java_command: org.jetbrains.kotlin.cli.jvm.K2JVMCompiler @E:\react native\namma-bmsit\node_modules\expo-modules-core\android\build\20231227_16576649191491857373.compiler.options
java_class_path (initial): C:\Users\Raghav Kumar\.gradle\caches\modules-2\files-2.1\org.jetbrains.kotlin\kotlin-compiler-embeddable\1.8.10\b0757fd774344d54ce93f5ad6c30ba1c1731c8ff\kotlin-compiler-embeddable-1.8.10.jar;C:\Users\Raghav Kumar\.gradle\caches\modules-2\files-2.1\org.jetbrains.kotlin\kotlin-stdlib\1.8.10\6d5560a229477df9406943d5feda5618e98eb64c\kotlin-stdlib-1.8.10.jar;C:\Users\Raghav Kumar\.gradle\caches\modules-2\files-2.1\org.jetbrains.kotlin\kotlin-script-runtime\1.8.10\b13ea9c7e46d589139e56086a878763290e20bd5\kotlin-script-runtime-1.8.10.jar;C:\Users\Raghav Kumar\.gradle\caches\modules-2\files-2.1\org.jetbrains.kotlin\kotlin-reflect\1.6.10\1cbe9c92c12a94eea200d23c2bbaedaf3daf5132\kotlin-reflect-1.6.10.jar;C:\Users\Raghav Kumar\.gradle\caches\modules-2\files-2.1\org.jetbrains.kotlin\kotlin-daemon-embeddable\1.8.10\ad8541d9bc1cf9e52c3204161247910c2cf601d4\kotlin-daemon-embeddable-1.8.10.jar;C:\Users\Raghav Kumar\.gradle\caches\modules-2\files-2.1\org.jetbrains.intellij.deps\trove4j\1.0.20200330\3afb14d5f9ceb459d724e907a21145e8ff394f02\trove4j-1.0.20200330.jar;C:\Users\Raghav Kumar\.gradle\caches\modules-2\files-2.1\net.java.dev.jna\jna\5.6.0\330f2244e9030119ab3030fc3fededc86713d9cc\jna-5.6.0.jar;C:\Users\Raghav Kumar\.gradle\caches\modules-2\files-2.1\org.jetbrains.kotlin\kotlin-stdlib-common\1.8.10\a61b182458550492c12aee66157d7b524a63a5ec\kotlin-stdlib-common-1.8.10.jar;C:\Users\Raghav Kumar\.gradle\caches\modules-2\files-2.1\org.jetbrains\annotations\13.0\919f0dfe192fb4e063e7dacadee7f8bb9a2672a9\annotations-13.0.jar
Launcher Type: SUN_STANDARD

[Global flags]
     intx CICompilerCount                          = 12                                        {product} {ergonomic}
     uint ConcGCThreads                            = 3                                         {product} {ergonomic}
     uint G1ConcRefinementThreads                  = 13                                        {product} {ergonomic}
   size_t G1HeapRegionSize                         = 1048576                                   {product} {ergonomic}
    uintx GCDrainStackTargetSize                   = 64                                        {product} {ergonomic}
   size_t InitialHeapSize                          = 123731968                                 {product} {ergonomic}
   size_t MarkStackSize                            = 4194304                                   {product} {ergonomic}
   size_t MaxHeapSize                              = 1967128576                                {product} {ergonomic}
   size_t MaxNewSize                               = 1179648000                                {product} {ergonomic}
   size_t MinHeapDeltaBytes                        = 1048576                                   {product} {ergonomic}
    uintx NonNMethodCodeHeapSize                   = 7594288                                {pd product} {ergonomic}
    uintx NonProfiledCodeHeapSize                  = 122031976                              {pd product} {ergonomic}
    uintx ProfiledCodeHeapSize                     = 122031976                              {pd product} {ergonomic}
    uintx ReservedCodeCacheSize                    = 251658240                              {pd product} {ergonomic}
     bool SegmentedCodeCache                       = true                                      {product} {ergonomic}
     bool UseCompressedClassPointers               = true                                 {lp64_product} {ergonomic}
     bool UseCompressedOops                        = true                                 {lp64_product} {ergonomic}
     bool UseG1GC                                  = true                                      {product} {ergonomic}
     bool UseLargePagesIndividualAllocation        = false                                  {pd product} {ergonomic}

Logging:
Log output configuration:
 #0: stdout all=warning uptime,level,tags
 #1: stderr all=off uptime,level,tags

Environment Variables:
JAVA_HOME=C:\Program Files\Microsoft\jdk-11.0.18.10-hotspot\
CLASSPATH=E:\react native\namma-bmsit\android\\gradle\wrapper\gradle-wrapper.jar
PATH=E:\react native\namma-bmsit\node_modules\.bin;E:\react native\namma-bmsit\node_modules\.bin;E:\react native\node_modules\.bin;E:\node_modules\.bin;C:\Users\Raghav Kumar\AppData\Roaming\npm\node_modules\npm\node_modules\@npmcli\run-script\lib\node-gyp-bin;C:\Program Files\Microsoft\jdk-11.0.18.10-hotspot\bin;C:\Program Files\Common Files\Oracle\Java\javapath;C:\windows\system32;C:\windows;C:\windows\System32\Wbem;C:\windows\System32\WindowsPowerShell\v1.0\;C:\windows\System32\OpenSSH\;C:\MinGW\bin;c:\Xilinx\bin\nt;C:\ProgramData\chocolatey\bin;C:\Program Files\nodejs\;C:\Program Files\Git\cmd;C:\Program Files\Redis\;C:\apache-maven-3.9.4\bin;C:\Program Files\PuTTY\;C:\xampp\php;C:\composer;C:\Program Files\MySQL\MySQL Shell 8.0\bin\;C:\Users\Raghav Kumar\AppData\Local\Programs\Python\Python311\Scripts\;C:\Users\Raghav Kumar\AppData\Local\Programs\Python\Python311\;C:\Users\Raghav Kumar\AppData\Local\Microsoft\WindowsApps;C:\Users\Raghav Kumar\AppData\Local\Programs\Microsoft VS Code\bin;C:\Users\Raghav Kumar\AppData\Local\GitHubDesktop\bin;C:\Program Files\Android\Android Studio\bin;D:\flutter\bin;C:\Program Files\Java\jdk-11\bin;C:\Users\Raghav Kumar\AppData\Roaming\npm;C:\MinGW\bin;C:\Program Files\Java\jdk-20\bin;D:\IntelliJ IDEA 2023.2.1\bin;;C:\Users\Raghav Kumar\AppData\Roaming\Composer\vendor\bin;D:\Downloads\platform-tools_r34.0.5-windows\platform-tools;
USERNAME=Raghav Kumar
LANG=en_US.UTF-8
OS=Windows_NT
PROCESSOR_IDENTIFIER=AMD64 Family 23 Model 104 Stepping 1, AuthenticAMD
TMP=C:\Users\RAGHAV~1\AppData\Local\Temp
TEMP=C:\Users\RAGHAV~1\AppData\Local\Temp



---------------  S Y S T E M  ---------------

OS: Windows 11 , 64 bit Build 22621 (10.0.22621.2506)
OS uptime: 2 days 14:53 hours
Hyper-V role detected

CPU:total 16 (initial active 16) (16 cores per cpu, 2 threads per core) family 23 model 104 stepping 1 microcode 0x0, cmov, cx8, fxsr, mmx, sse, sse2, sse3, ssse3, sse4.1, sse4.2, popcnt, avx, avx2, aes, clmul, mmxext, 3dnowpref, lzcnt, sse4a, ht, tsc, tscinvbit, tscinv, bmi1, bmi2, adx, sha, fma

Memory: 4k page, system-wide physical 7501M (993M free)
TotalPageFile size 21845M (AvailPageFile size 2M)
current process WorkingSet (physical memory assigned to process): 57M, peak: 57M
current process commit charge ("private bytes"): 213M, peak: 213M

vm_info: OpenJDK 64-Bit Server VM (11.0.18+10-LTS) for windows-amd64 JRE (11.0.18+10-LTS), built on Jan 18 2023 15:56:47 by "MicrosoftCorporation" with MS VC++ 15.9 (VS2017)

END.
